# JRE version: Java(TM) SE Runtime Environment (8.0_65-b17) (build 1.8.0_65-b17)
# Java VM: Java HotSpot(TM) 64-Bit Server VM (25.65-b01 mixed mode windows-amd64 compressed oops)
Heap:
 PSYoungGen      total 139776K, used 64235K [0x00000000eab00000, 0x00000000f7080000, 0x0000000100000000)
  eden space 122880K, 42% used [0x00000000eab00000,0x00000000ede6d9d0,0x00000000f2300000)
  from space 16896K, 68% used [0x00000000f2300000,0x00000000f2e4d3a8,0x00000000f3380000)
  to   space 16896K, 0% used [0x00000000f6000000,0x00000000f6000000,0x00000000f7080000)
 ParOldGen       total 117760K, used 23820K [0x00000000c0000000, 0x00000000c7300000, 0x00000000eab00000)
  object space 117760K, 20% used [0x00000000c0000000,0x00000000c1743038,0x00000000c7300000)
 Metaspace       used 44028K, capacity 44936K, committed 45056K, reserved 1087488K
  class space    used 6085K, capacity 6332K, committed 6400K, reserved 1048576K
GC Heap History (10 events):
Event: 7.610 GC heap before
{Heap before GC invocations=5 (full 1):
 PSYoungGen      total 71680K, used 66560K [0x00000000eab00000, 0x00000000f3700000, 0x0000000100000000)
  eden space 66560K, 100% used [0x00000000eab00000,0x00000000eec00000,0x00000000eec00000)
  from space 5120K, 0% used [0x00000000eec00000,0x00000000eec00000,0x00000000ef100000)
  to   space 5120K, 0% used [0x00000000f3200000,0x00000000f3200000,0x00000000f3700000)
 ParOldGen       total 73728K, used 12251K [0x00000000c0000000, 0x00000000c4800000, 0x00000000eab00000)
  object space 73728K, 16% used [0x00000000c0000000,0x00000000c0bf6da8,0x00000000c4800000)
 Metaspace       used 26645K, capacity 27080K, committed 27392K, reserved 1073152K
  class space    used 3634K, capacity 3759K, committed 3840K, reserved 1048576K
Event: 7.638 GC heap after
Heap after GC invocations=5 (full 1):
 PSYoungGen      total 97280K, used 5104K [0x00000000eab00000, 0x00000000f3700000, 0x0000000100000000)
  eden space 92160K, 0% used [0x00000000eab00000,0x00000000eab00000,0x00000000f0500000)
  from space 5120K, 99% used [0x00000000f3200000,0x00000000f36fc2f8,0x00000000f3700000)
  to   space 5120K, 0% used [0x00000000f2d00000,0x00000000f2d00000,0x00000000f3200000)
 ParOldGen       total 73728K, used 13531K [0x00000000c0000000, 0x00000000c4800000, 0x00000000eab00000)
  object space 73728K, 18% used [0x00000000c0000000,0x00000000c0d36e98,0x00000000c4800000)
 Metaspace       used 26645K, capacity 27080K, committed 27392K, reserved 1073152K
  class space    used 3634K, capacity 3759K, committed 3840K, reserved 1048576K
}
Event: 10.734 GC heap before
{Heap before GC invocations=6 (full 1):
 PSYoungGen      total 97280K, used 97264K [0x00000000eab00000, 0x00000000f3700000, 0x0000000100000000)
  eden space 92160K, 100% used [0x00000000eab00000,0x00000000f0500000,0x00000000f0500000)
  from space 5120K, 99% used [0x00000000f3200000,0x00000000f36fc2f8,0x00000000f3700000)
  to   space 5120K, 0% used [0x00000000f2d00000,0x00000000f2d00000,0x00000000f3200000)
 ParOldGen       total 73728K, used 13531K [0x00000000c0000000, 0x00000000c4800000, 0x00000000eab00000)
  object space 73728K, 18% used [0x00000000c0000000,0x00000000c0d36e98,0x00000000c4800000)
 Metaspace       used 31642K, capacity 32288K, committed 32512K, reserved 1077248K
  class space    used 4326K, capacity 4534K, committed 4608K, reserved 1048576K
Event: 10.765 GC heap after
Heap after GC invocations=6 (full 1):
 PSYoungGen      total 130560K, used 5092K [0x00000000eab00000, 0x00000000f4180000, 0x0000000100000000)
  eden space 125440K, 0% used [0x00000000eab00000,0x00000000eab00000,0x00000000f2580000)
  from space 5120K, 99% used [0x00000000f2d00000,0x00000000f31f9030,0x00000000f3200000)
  to   space 14336K, 0% used [0x00000000f3380000,0x00000000f3380000,0x00000000f4180000)
 ParOldGen       total 73728K, used 19371K [0x00000000c0000000, 0x00000000c4800000, 0x00000000eab00000)
  object space 73728K, 26% used [0x00000000c0000000,0x00000000c12eaf78,0x00000000c4800000)
 Metaspace       used 31642K, capacity 32288K, committed 32512K, reserved 1077248K
  class space    used 4326K, capacity 4534K, committed 4608K, reserved 1048576K
}
Event: 13.089 GC heap before
{Heap before GC invocations=7 (full 1):
 PSYoungGen      total 130560K, used 78293K [0x00000000eab00000, 0x00000000f4180000, 0x0000000100000000)
  eden space 125440K, 58% used [0x00000000eab00000,0x00000000ef27c438,0x00000000f2580000)
  from space 5120K, 99% used [0x00000000f2d00000,0x00000000f31f9030,0x00000000f3200000)
  to   space 14336K, 0% used [0x00000000f3380000,0x00000000f3380000,0x00000000f4180000)
 ParOldGen       total 73728K, used 19371K [0x00000000c0000000, 0x00000000c4800000, 0x00000000eab00000)
  object space 73728K, 26% used [0x00000000c0000000,0x00000000c12eaf78,0x00000000c4800000)
 Metaspace       used 34758K, capacity 35396K, committed 35456K, reserved 1079296K
  class space    used 4767K, capacity 4987K, committed 4992K, reserved 1048576K
Event: 13.155 GC heap after
Heap after GC invocations=7 (full 1):
 PSYoungGen      total 137216K, used 14308K [0x00000000eab00000, 0x00000000f7900000, 0x0000000100000000)
  eden space 122880K, 0% used [0x00000000eab00000,0x00000000eab00000,0x00000000f2300000)
  from space 14336K, 99% used [0x00000000f3380000,0x00000000f4179370,0x00000000f4180000)
  to   space 16896K, 0% used [0x00000000f2300000,0x00000000f2300000,0x00000000f3380000)
 ParOldGen       total 73728K, used 19752K [0x00000000c0000000, 0x00000000c4800000, 0x00000000eab00000)
  object space 73728K, 26% used [0x00000000c0000000,0x00000000c134a160,0x00000000c4800000)
 Metaspace       used 34758K, capacity 35396K, committed 35456K, reserved 1079296K
  class space    used 4767K, capacity 4987K, committed 4992K, reserved 1048576K
}
Event: 13.155 GC heap before
{Heap before GC invocations=8 (full 2):
 PSYoungGen      total 137216K, used 14308K [0x00000000eab00000, 0x00000000f7900000, 0x0000000100000000)
  eden space 122880K, 0% used [0x00000000eab00000,0x00000000eab00000,0x00000000f2300000)
  from space 14336K, 99% used [0x00000000f3380000,0x00000000f4179370,0x00000000f4180000)
  to   space 16896K, 0% used [0x00000000f2300000,0x00000000f2300000,0x00000000f3380000)
 ParOldGen       total 73728K, used 19752K [0x00000000c0000000, 0x00000000c4800000, 0x00000000eab00000)
  object space 73728K, 26% used [0x00000000c0000000,0x00000000c134a160,0x00000000c4800000)
 Metaspace       used 34758K, capacity 35396K, committed 35456K, reserved 1079296K
  class space    used 4767K, capacity 4987K, committed 4992K, reserved 1048576K
Event: 13.421 GC heap after
Heap after GC invocations=8 (full 2):
 PSYoungGen      total 137216K, used 0K [0x00000000eab00000, 0x00000000f7900000, 0x0000000100000000)
  eden space 122880K, 0% used [0x00000000eab00000,0x00000000eab00000,0x00000000f2300000)
  from space 14336K, 0% used [0x00000000f3380000,0x00000000f3380000,0x00000000f4180000)
  to   space 16896K, 0% used [0x00000000f2300000,0x00000000f2300000,0x00000000f3380000)
 ParOldGen       total 117760K, used 23812K [0x00000000c0000000, 0x00000000c7300000, 0x00000000eab00000)
  object space 117760K, 20% used [0x00000000c0000000,0x00000000c1741038,0x00000000c7300000)
 Metaspace       used 34758K, capacity 35396K, committed 35456K, reserved 1079296K
  class space    used 4767K, capacity 4987K, committed 4992K, reserved 1048576K
}
Event: 16.846 GC heap before
{Heap before GC invocations=9 (full 2):
 PSYoungGen      total 137216K, used 122880K [0x00000000eab00000, 0x00000000f7900000, 0x0000000100000000)
  eden space 122880K, 100% used [0x00000000eab00000,0x00000000f2300000,0x00000000f2300000)
  from space 14336K, 0% used [0x00000000f3380000,0x00000000f3380000,0x00000000f4180000)
  to   space 16896K, 0% used [0x00000000f2300000,0x00000000f2300000,0x00000000f3380000)
 ParOldGen       total 117760K, used 23812K [0x00000000c0000000, 0x00000000c7300000, 0x00000000eab00000)
  object space 117760K, 20% used [0x00000000c0000000,0x00000000c1741038,0x00000000c7300000)
 Metaspace       used 39592K, capacity 40430K, committed 40576K, reserved 1083392K
  class space    used 5499K, capacity 5747K, committed 5760K, reserved 1048576K
Event: 16.886 GC heap after
Heap after GC invocations=9 (full 2):
 PSYoungGen      total 139776K, used 11572K [0x00000000eab00000, 0x00000000f7080000, 0x0000000100000000)
  eden space 122880K, 0% used [0x00000000eab00000,0x00000000eab00000,0x00000000f2300000)
  from space 16896K, 68% used [0x00000000f2300000,0x00000000f2e4d3a8,0x00000000f3380000)
  to   space 16896K, 0% used [0x00000000f6000000,0x00000000f6000000,0x00000000f7080000)
 ParOldGen       total 117760K, used 23820K [0x00000000c0000000, 0x00000000c7300000, 0x00000000eab00000)
  object space 117760K, 20% used [0x00000000c0000000,0x00000000c1743038,0x00000000c7300000)
 Metaspace       used 39592K, capacity 40430K, committed 40576K, reserved 1083392K
  class space    used 5499K, capacity 5747K, committed 5760K, reserved 1048576K
}

