# JRE version: Java(TM) SE Runtime Environment (8.0_65-b17) (build 1.8.0_65-b17)
# Java VM: Java HotSpot(TM) 64-Bit Server VM (25.65-b01 mixed mode windows-amd64 compressed oops)
Heap:
 PSYoungGen      total 141312K, used 82243K [0x00000000eab00000, 0x00000000f7880000, 0x0000000100000000)
  eden space 124928K, 53% used [0x00000000eab00000,0x00000000eebb54a0,0x00000000f2500000)
  from space 16384K, 97% used [0x00000000f2500000,0x00000000f349b9b0,0x00000000f3500000)
  to   space 18944K, 0% used [0x00000000f6600000,0x00000000f6600000,0x00000000f7880000)
 ParOldGen       total 122368K, used 27262K [0x00000000c0000000, 0x00000000c7780000, 0x00000000eab00000)
  object space 122368K, 22% used [0x00000000c0000000,0x00000000c1a9fa58,0x00000000c7780000)
 Metaspace       used 44157K, capacity 45122K, committed 45312K, reserved 1087488K
  class space    used 6043K, capacity 6309K, committed 6400K, reserved 1048576K
GC Heap History (10 events):
Event: 6.382 GC heap before
{Heap before GC invocations=5 (full 1):
 PSYoungGen      total 71680K, used 66560K [0x00000000eab00000, 0x00000000f3700000, 0x0000000100000000)
  eden space 66560K, 100% used [0x00000000eab00000,0x00000000eec00000,0x00000000eec00000)
  from space 5120K, 0% used [0x00000000eec00000,0x00000000eec00000,0x00000000ef100000)
  to   space 5120K, 0% used [0x00000000f3200000,0x00000000f3200000,0x00000000f3700000)
 ParOldGen       total 74240K, used 12166K [0x00000000c0000000, 0x00000000c4880000, 0x00000000eab00000)
  object space 74240K, 16% used [0x00000000c0000000,0x00000000c0be1850,0x00000000c4880000)
 Metaspace       used 26673K, capacity 27152K, committed 27392K, reserved 1073152K
  class space    used 3634K, capacity 3759K, committed 3840K, reserved 1048576K
Event: 6.400 GC heap after
Heap after GC invocations=5 (full 1):
 PSYoungGen      total 97280K, used 5106K [0x00000000eab00000, 0x00000000f3700000, 0x0000000100000000)
  eden space 92160K, 0% used [0x00000000eab00000,0x00000000eab00000,0x00000000f0500000)
  from space 5120K, 99% used [0x00000000f3200000,0x00000000f36fcb88,0x00000000f3700000)
  to   space 5120K, 0% used [0x00000000f2d00000,0x00000000f2d00000,0x00000000f3200000)
 ParOldGen       total 74240K, used 13666K [0x00000000c0000000, 0x00000000c4880000, 0x00000000eab00000)
  object space 74240K, 18% used [0x00000000c0000000,0x00000000c0d588b8,0x00000000c4880000)
 Metaspace       used 26673K, capacity 27152K, committed 27392K, reserved 1073152K
  class space    used 3634K, capacity 3759K, committed 3840K, reserved 1048576K
}
Event: 8.820 GC heap before
{Heap before GC invocations=6 (full 1):
 PSYoungGen      total 97280K, used 97266K [0x00000000eab00000, 0x00000000f3700000, 0x0000000100000000)
  eden space 92160K, 100% used [0x00000000eab00000,0x00000000f0500000,0x00000000f0500000)
  from space 5120K, 99% used [0x00000000f3200000,0x00000000f36fcb88,0x00000000f3700000)
  to   space 5120K, 0% used [0x00000000f2d00000,0x00000000f2d00000,0x00000000f3200000)
 ParOldGen       total 74240K, used 13666K [0x00000000c0000000, 0x00000000c4880000, 0x00000000eab00000)
  object space 74240K, 18% used [0x00000000c0000000,0x00000000c0d588b8,0x00000000c4880000)
 Metaspace       used 31662K, capacity 32290K, committed 32512K, reserved 1077248K
  class space    used 4325K, capacity 4532K, committed 4608K, reserved 1048576K
Event: 8.854 GC heap after
Heap after GC invocations=6 (full 1):
 PSYoungGen      total 132096K, used 5108K [0x00000000eab00000, 0x00000000f4300000, 0x0000000100000000)
  eden space 126976K, 0% used [0x00000000eab00000,0x00000000eab00000,0x00000000f2700000)
  from space 5120K, 99% used [0x00000000f2d00000,0x00000000f31fd010,0x00000000f3200000)
  to   space 14336K, 0% used [0x00000000f3500000,0x00000000f3500000,0x00000000f4300000)
 ParOldGen       total 74240K, used 19471K [0x00000000c0000000, 0x00000000c4880000, 0x00000000eab00000)
  object space 74240K, 26% used [0x00000000c0000000,0x00000000c1303e88,0x00000000c4880000)
 Metaspace       used 31662K, capacity 32290K, committed 32512K, reserved 1077248K
  class space    used 4325K, capacity 4532K, committed 4608K, reserved 1048576K
}
Event: 10.559 GC heap before
{Heap before GC invocations=7 (full 1):
 PSYoungGen      total 132096K, used 76271K [0x00000000eab00000, 0x00000000f4300000, 0x0000000100000000)
  eden space 126976K, 56% used [0x00000000eab00000,0x00000000ef07ef68,0x00000000f2700000)
  from space 5120K, 99% used [0x00000000f2d00000,0x00000000f31fd010,0x00000000f3200000)
  to   space 14336K, 0% used [0x00000000f3500000,0x00000000f3500000,0x00000000f4300000)
 ParOldGen       total 74240K, used 19471K [0x00000000c0000000, 0x00000000c4880000, 0x00000000eab00000)
  object space 74240K, 26% used [0x00000000c0000000,0x00000000c1303e88,0x00000000c4880000)
 Metaspace       used 34702K, capacity 35366K, committed 35456K, reserved 1079296K
  class space    used 4754K, capacity 4953K, committed 4992K, reserved 1048576K
Event: 10.619 GC heap after
Heap after GC invocations=7 (full 1):
 PSYoungGen      total 139264K, used 14229K [0x00000000eab00000, 0x00000000f7f00000, 0x0000000100000000)
  eden space 124928K, 0% used [0x00000000eab00000,0x00000000eab00000,0x00000000f2500000)
  from space 14336K, 99% used [0x00000000f3500000,0x00000000f42e5700,0x00000000f4300000)
  to   space 16384K, 0% used [0x00000000f2500000,0x00000000f2500000,0x00000000f3500000)
 ParOldGen       total 74240K, used 19479K [0x00000000c0000000, 0x00000000c4880000, 0x00000000eab00000)
  object space 74240K, 26% used [0x00000000c0000000,0x00000000c1305e88,0x00000000c4880000)
 Metaspace       used 34702K, capacity 35366K, committed 35456K, reserved 1079296K
  class space    used 4754K, capacity 4953K, committed 4992K, reserved 1048576K
}
Event: 10.620 GC heap before
{Heap before GC invocations=8 (full 2):
 PSYoungGen      total 139264K, used 14229K [0x00000000eab00000, 0x00000000f7f00000, 0x0000000100000000)
  eden space 124928K, 0% used [0x00000000eab00000,0x00000000eab00000,0x00000000f2500000)
  from space 14336K, 99% used [0x00000000f3500000,0x00000000f42e5700,0x00000000f4300000)
  to   space 16384K, 0% used [0x00000000f2500000,0x00000000f2500000,0x00000000f3500000)
 ParOldGen       total 74240K, used 19479K [0x00000000c0000000, 0x00000000c4880000, 0x00000000eab00000)
  object space 74240K, 26% used [0x00000000c0000000,0x00000000c1305e88,0x00000000c4880000)
 Metaspace       used 34702K, capacity 35366K, committed 35456K, reserved 1079296K
  class space    used 4754K, capacity 4953K, committed 4992K, reserved 1048576K
Event: 10.858 GC heap after
Heap after GC invocations=8 (full 2):
 PSYoungGen      total 139264K, used 0K [0x00000000eab00000, 0x00000000f7f00000, 0x0000000100000000)
  eden space 124928K, 0% used [0x00000000eab00000,0x00000000eab00000,0x00000000f2500000)
  from space 14336K, 0% used [0x00000000f3500000,0x00000000f3500000,0x00000000f4300000)
  to   space 16384K, 0% used [0x00000000f2500000,0x00000000f2500000,0x00000000f3500000)
 ParOldGen       total 122368K, used 27254K [0x00000000c0000000, 0x00000000c7780000, 0x00000000eab00000)
  object space 122368K, 22% used [0x00000000c0000000,0x00000000c1a9da58,0x00000000c7780000)
 Metaspace       used 34702K, capacity 35366K, committed 35456K, reserved 1079296K
  class space    used 4754K, capacity 4953K, committed 4992K, reserved 1048576K
}
Event: 14.315 GC heap before
{Heap before GC invocations=9 (full 2):
 PSYoungGen      total 139264K, used 124928K [0x00000000eab00000, 0x00000000f7f00000, 0x0000000100000000)
  eden space 124928K, 100% used [0x00000000eab00000,0x00000000f2500000,0x00000000f2500000)
  from space 14336K, 0% used [0x00000000f3500000,0x00000000f3500000,0x00000000f4300000)
  to   space 16384K, 0% used [0x00000000f2500000,0x00000000f2500000,0x00000000f3500000)
 ParOldGen       total 122368K, used 27254K [0x00000000c0000000, 0x00000000c7780000, 0x00000000eab00000)
  object space 122368K, 22% used [0x00000000c0000000,0x00000000c1a9da58,0x00000000c7780000)
 Metaspace       used 42588K, capacity 43574K, committed 43904K, reserved 1087488K
  class space    used 5895K, capacity 6173K, committed 6272K, reserved 1048576K
Event: 14.378 GC heap after
Heap after GC invocations=9 (full 2):
 PSYoungGen      total 141312K, used 15982K [0x00000000eab00000, 0x00000000f7880000, 0x0000000100000000)
  eden space 124928K, 0% used [0x00000000eab00000,0x00000000eab00000,0x00000000f2500000)
  from space 16384K, 97% used [0x00000000f2500000,0x00000000f349b9b0,0x00000000f3500000)
  to   space 18944K, 0% used [0x00000000f6600000,0x00000000f6600000,0x00000000f7880000)
 ParOldGen       total 122368K, used 27262K [0x00000000c0000000, 0x00000000c7780000, 0x00000000eab00000)
  object space 122368K, 22% used [0x00000000c0000000,0x00000000c1a9fa58,0x00000000c7780000)
 Metaspace       used 42588K, capacity 43574K, committed 43904K, reserved 1087488K
  class space    used 5895K, capacity 6173K, committed 6272K, reserved 1048576K
}

